--------------------------------------
Running PBS prologue script
--------------------------------------
User and Job Data:
--------------------------------------
Job ID:    699848.qb3
Username:  mcg033
Group:     latechusers
Date:      26-Sep-2019 20:29
Node:      qb122 (61379)
--------------------------------------
PBS has allocated the following nodes:

qb122

A total of 20 processors on 1 nodes allocated
---------------------------------------------
Check nodes and clean them of stray processes
---------------------------------------------
Checking node qb122 20:29:09 
Done clearing all the allocated nodes
------------------------------------------------------
Concluding PBS prologue script - 26-Sep-2019 20:29:09
------------------------------------------------------

                            < M A T L A B (R) >
                  Copyright 1984-2017 The MathWorks, Inc.
                   R2017a (9.2.0.556344) 64-bit (glnxa64)
                               March 27, 2017

 
To get started, type one of these: helpwin, helpdesk, or demo.
For product information, visit www.mathworks.com.
 
Starting parallel pool (parpool) using the 'local' profile ...
[Warning: The system time zone setting, 'US/Central', does not specify a single
time zone unambiguously. It will be treated as 'America/Chicago'. See the <a
href="matlab:doc('datetime.TimeZone')">datetime.TimeZone property</a> for
details about specifying time zones.] 
[> In verifyTimeZone (line 23)
  In datetime (line 515)
  In parallel.internal.cluster.DefaultProperties.getNewJobPropStruct (line 16)
  In parallel.internal.cluster.CJSSupport/buildJob (line 158)
  In parallel.cluster.CJSCluster/buildCommunicatingJob (line 465)
  In parallel.Cluster/createCommunicatingJob (line 92)
  In parallel.internal.pool.InteractiveClient>iCreateCommunicatingJob (line 715)
  In parallel.internal.pool.InteractiveClient/start (line 325)
  In parallel.Pool>iStartClient (line 593)
  In parallel.Pool.hBuildPool (line 472)
  In parallel.internal.pool.doParpool (line 18)
  In parpool (line 89)
  In lab1b (line 5)
  In lab1c (line 2)] 
connected to 1 workers.

t =

    0.2863

Parallel pool using the 'local' profile is shutting down.
    0.2863

Starting parallel pool (parpool) using the 'local' profile ...
connected to 2 workers.

t =

    0.1774

Parallel pool using the 'local' profile is shutting down.
    0.1774

Starting parallel pool (parpool) using the 'local' profile ...
connected to 3 workers.

t =

    0.1774

Parallel pool using the 'local' profile is shutting down.
    0.1774

Starting parallel pool (parpool) using the 'local' profile ...
connected to 4 workers.

t =

    0.1731

Parallel pool using the 'local' profile is shutting down.
    0.1731

Starting parallel pool (parpool) using the 'local' profile ...
connected to 5 workers.

t =

    0.2055

Parallel pool using the 'local' profile is shutting down.
    0.2055

Starting parallel pool (parpool) using the 'local' profile ...
connected to 6 workers.

t =

    0.1620

Parallel pool using the 'local' profile is shutting down.
    0.1620

Starting parallel pool (parpool) using the 'local' profile ...
connected to 7 workers.

t =

    0.1715

Parallel pool using the 'local' profile is shutting down.
    0.1715

Starting parallel pool (parpool) using the 'local' profile ...
connected to 8 workers.

t =

    0.1692

Parallel pool using the 'local' profile is shutting down.
    0.1692

Starting parallel pool (parpool) using the 'local' profile ...
connected to 9 workers.

t =

    0.1815

Parallel pool using the 'local' profile is shutting down.
    0.1815

Starting parallel pool (parpool) using the 'local' profile ...
connected to 10 workers.

t =

    0.2216

Parallel pool using the 'local' profile is shutting down.
    0.2216

Starting parallel pool (parpool) using the 'local' profile ...
connected to 11 workers.

t =

    0.1880

Parallel pool using the 'local' profile is shutting down.
    0.1880

Starting parallel pool (parpool) using the 'local' profile ...
connected to 12 workers.

t =

    0.1981

Parallel pool using the 'local' profile is shutting down.
    0.1981

Starting parallel pool (parpool) using the 'local' profile ...
connected to 13 workers.

t =

    0.2189

Parallel pool using the 'local' profile is shutting down.
    0.2189

Starting parallel pool (parpool) using the 'local' profile ...
connected to 14 workers.

t =

    0.2369

Parallel pool using the 'local' profile is shutting down.
    0.2369

Starting parallel pool (parpool) using the 'local' profile ...
connected to 15 workers.

t =

    0.2960

Parallel pool using the 'local' profile is shutting down.
    0.2960

Starting parallel pool (parpool) using the 'local' profile ...
connected to 16 workers.

t =

    0.2483

Parallel pool using the 'local' profile is shutting down.
    0.2483

Starting parallel pool (parpool) using the 'local' profile ...
connected to 17 workers.

t =

    0.2637

Parallel pool using the 'local' profile is shutting down.
    0.2637

Starting parallel pool (parpool) using the 'local' profile ...
connected to 18 workers.

t =

    0.2729

Parallel pool using the 'local' profile is shutting down.
    0.2729

Starting parallel pool (parpool) using the 'local' profile ...
connected to 19 workers.

t =

    0.3130

Parallel pool using the 'local' profile is shutting down.
    0.3130

Starting parallel pool (parpool) using the 'local' profile ...
connected to 20 workers.

t =

    0.2884

Parallel pool using the 'local' profile is shutting down.
    0.2884

------------------------------------------------------
Running PBS epilogue script    - 26-Sep-2019 20:34:15
------------------------------------------------------
Checking node qb122 (MS)
Checking node qb122 ok
------------------------------------------------------
Concluding PBS epilogue script - 26-Sep-2019 20:34:17
------------------------------------------------------
Exit Status:     0
Job ID:          699848.qb3
Username:        mcg033
Group:           latechusers
Job Name:        myjob0
Session Id:      61378
Resource Limits: ncpus=1,neednodes=1:ppn=20,nodes=1:ppn=20,walltime=01:00:00
Resources Used:  cput=00:28:34,mem=6561940kb,vmem=68449668kb,walltime=00:05:08
Queue Used:      workq
Account String:  loni_cyen405
Node:            qb122
Process id:      71766
------------------------------------------------------
